<?xml version="1.0" encoding="UTF-8"?>
<!-- Generated by org.testng.reporters.JUnitReportReporter -->
<testsuite hostname="serahate-4S6RKN3" failures="0" tests="5" name="com.SauceDemo.Practice.Practice6EnabledKeyword" time="0.005" errors="0" timestamp="2023-12-07T11:41:17 IST" skipped="1">
  <testcase classname="com.SauceDemo.Practice.Practice6EnabledKeyword" name="testC" time="0.001"/>
  <testcase classname="com.SauceDemo.Practice.Practice6EnabledKeyword" name="testE" time="0.001"/>
  <testcase classname="com.SauceDemo.Practice.Practice6EnabledKeyword" name="testB" time="0.002"/>
  <testcase classname="com.SauceDemo.Practice.Practice6EnabledKeyword" name="testD" time="0.001"/>
  <testcase classname="com.SauceDemo.Practice.Practice6EnabledKeyword" name="testA">
    <skipped/>
  </testcase> <!-- testA -->
</testsuite> <!-- com.SauceDemo.Practice.Practice6EnabledKeyword -->
