<?xml version="1.0" encoding="UTF-8"?>
<!-- Generated by org.testng.reporters.JUnitReportReporter -->
<testsuite hostname="serahate-4S6RKN3" failures="0" tests="2" name="com.SauceDemo.Practice.Practice10SoftAssertions" time="0.009" errors="0" timestamp="2023-12-07T11:41:17 IST" skipped="0">
  <testcase classname="com.SauceDemo.Practice.Practice10SoftAssertions" name="loginTest" time="0.008"/>
  <testcase classname="com.SauceDemo.Practice.Practice10SoftAssertions" name="logoutTest" time="0.001"/>
</testsuite> <!-- com.SauceDemo.Practice.Practice10SoftAssertions -->
