<?xml version="1.0" encoding="UTF-8"?>
<!-- Generated by org.testng.reporters.JUnitReportReporter -->
<testsuite hostname="serahate-4S6RKN3" failures="0" tests="1" name="com.SauceDemo.TestClasses.TC02LogoutFunctionality" time="12.181" errors="0" timestamp="2023-12-11T11:27:11 IST" skipped="0">
  <testcase classname="com.SauceDemo.TestClasses.TC02LogoutFunctionality" name="LogoutFunctionality" time="12.181"/>
</testsuite> <!-- com.SauceDemo.TestClasses.TC02LogoutFunctionality -->
