<?xml version="1.0" encoding="UTF-8"?>
<!-- Generated by org.testng.reporters.JUnitReportReporter -->
<testsuite hostname="serahate-4S6RKN3" failures="0" tests="2" name="com.SauceDemo.Practice.Practice7TimeoutKeyword" time="2.014" errors="1" timestamp="2023-12-07T11:41:17 IST" skipped="0">
  <testcase classname="com.SauceDemo.Practice.Practice7TimeoutKeyword" name="testA" time="0.002"/>
  <testcase classname="com.SauceDemo.Practice.Practice7TimeoutKeyword" name="testB" time="2.012">
    <error message="Method com.SauceDemo.Practice.Practice7TimeoutKeyword.testB() didn&#039;t finish within the time-out 2000" type="org.testng.internal.thread.ThreadTimeoutException">
      <![CDATA[org.testng.internal.thread.ThreadTimeoutException: Method com.SauceDemo.Practice.Practice7TimeoutKeyword.testB() didn't finish within the time-out 2000
at java.base@17.0.1/java.lang.Thread.sleep(Native Method)
at app//com.SauceDemo.Practice.Practice7TimeoutKeyword.testB(Practice7TimeoutKeyword.java:23)
at java.base@17.0.1/jdk.internal.reflect.NativeMethodAccessorImpl.invoke0(Native Method)
at java.base@17.0.1/jdk.internal.reflect.NativeMethodAccessorImpl.invoke(NativeMethodAccessorImpl.java:77)
at java.base@17.0.1/jdk.internal.reflect.DelegatingMethodAccessorImpl.invoke(DelegatingMethodAccessorImpl.java:43)
at java.base@17.0.1/java.lang.reflect.Method.invoke(Method.java:568)
at app//org.testng.internal.invokers.MethodInvocationHelper.invokeMethod(MethodInvocationHelper.java:139)
at app//org.testng.internal.invokers.InvokeMethodRunnable.runOne(InvokeMethodRunnable.java:47)
at app//org.testng.internal.invokers.InvokeMethodRunnable.call(InvokeMethodRunnable.java:76)
at app//org.testng.internal.invokers.InvokeMethodRunnable.call(InvokeMethodRunnable.java:11)
at java.base@17.0.1/java.util.concurrent.FutureTask.run(FutureTask.java:264)
at java.base@17.0.1/java.util.concurrent.ThreadPoolExecutor.runWorker(ThreadPoolExecutor.java:1136)
at java.base@17.0.1/java.util.concurrent.ThreadPoolExecutor$Worker.run(ThreadPoolExecutor.java:635)
at java.base@17.0.1/java.lang.Thread.run(Thread.java:833)
]]>
    </error>
  </testcase> <!-- testB -->
</testsuite> <!-- com.SauceDemo.Practice.Practice7TimeoutKeyword -->
