<?xml version="1.0" encoding="UTF-8"?>
<!-- Generated by org.testng.reporters.JUnitReportReporter -->
<testsuite hostname="serahate-4S6RKN3" failures="0" tests="1" name="com.SauceDemo.Practice.Practice1" time="0.003" errors="0" timestamp="2023-12-07T11:41:17 IST" skipped="0">
  <testcase classname="com.SauceDemo.Practice.Practice1" name="loginTestCase" time="0.003"/>
</testsuite> <!-- com.SauceDemo.Practice.Practice1 -->
