<?xml version="1.0" encoding="UTF-8"?>
<!-- Generated by org.testng.reporters.JUnitReportReporter -->
<testsuite hostname="serahate-4S6RKN3" failures="0" tests="5" name="com.SauceDemo.Practice.Practice3TestNgKeywords" time="0.006" errors="0" timestamp="2023-12-07T11:45:11 IST" skipped="0">
  <testcase classname="com.SauceDemo.Practice.Practice3TestNgKeywords" name="testD" time="0.001"/>
  <testcase classname="com.SauceDemo.Practice.Practice3TestNgKeywords" name="testA" time="0.002"/>
  <testcase classname="com.SauceDemo.Practice.Practice3TestNgKeywords" name="testB" time="0.001"/>
  <testcase classname="com.SauceDemo.Practice.Practice3TestNgKeywords" name="testC" time="0.001"/>
  <testcase classname="com.SauceDemo.Practice.Practice3TestNgKeywords" name="testE" time="0.001"/>
</testsuite> <!-- com.SauceDemo.Practice.Practice3TestNgKeywords -->
