<?xml version="1.0" encoding="UTF-8"?>
<!-- Generated by org.testng.reporters.JUnitReportReporter -->
<testsuite hostname="serahate-4S6RKN3" failures="0" tests="2" name="com.SauceDemo.Practice.Practic8dependsKaywordInTestNG" time="0.002" errors="0" timestamp="2023-12-07T11:41:17 IST" skipped="0">
  <testcase classname="com.SauceDemo.Practice.Practic8dependsKaywordInTestNG" name="loginTest" time="0.001"/>
  <testcase classname="com.SauceDemo.Practice.Practic8dependsKaywordInTestNG" name="singleProductTest" time="0.001"/>
</testsuite> <!-- com.SauceDemo.Practice.Practic8dependsKaywordInTestNG -->
