<?xml version="1.0" encoding="UTF-8"?>
<!-- Generated by org.testng.reporters.JUnitReportReporter -->
<testsuite hostname="serahate-4S6RKN3" failures="0" tests="13" name="com.SauceDemo.Practice.Practice5InvocationinTestNG" time="0.013" errors="0" timestamp="2023-12-07T11:41:17 IST" skipped="0">
  <testcase classname="com.SauceDemo.Practice.Practice5InvocationinTestNG" name="testC" time="0.001"/>
  <testcase classname="com.SauceDemo.Practice.Practice5InvocationinTestNG" name="testC" time="0.002"/>
  <testcase classname="com.SauceDemo.Practice.Practice5InvocationinTestNG" name="testC" time="0.001"/>
  <testcase classname="com.SauceDemo.Practice.Practice5InvocationinTestNG" name="testC" time="0.000"/>
  <testcase classname="com.SauceDemo.Practice.Practice5InvocationinTestNG" name="testC" time="0.001"/>
  <testcase classname="com.SauceDemo.Practice.Practice5InvocationinTestNG" name="testB" time="0.000"/>
  <testcase classname="com.SauceDemo.Practice.Practice5InvocationinTestNG" name="testA" time="0.000"/>
  <testcase classname="com.SauceDemo.Practice.Practice5InvocationinTestNG" name="testE" time="0.000"/>
  <testcase classname="com.SauceDemo.Practice.Practice5InvocationinTestNG" name="testA" time="0.001"/>
  <testcase classname="com.SauceDemo.Practice.Practice5InvocationinTestNG" name="testA" time="0.000"/>
  <testcase classname="com.SauceDemo.Practice.Practice5InvocationinTestNG" name="testA" time="0.006"/>
  <testcase classname="com.SauceDemo.Practice.Practice5InvocationinTestNG" name="testD" time="0.000"/>
  <testcase classname="com.SauceDemo.Practice.Practice5InvocationinTestNG" name="testA" time="0.001"/>
</testsuite> <!-- com.SauceDemo.Practice.Practice5InvocationinTestNG -->
