<?xml version="1.0" encoding="UTF-8"?>
<!-- Generated by org.testng.reporters.JUnitReportReporter -->
<testsuite hostname="serahate-4S6RKN3" failures="0" tests="1" name="com.SauceDemo.TestClasses.TC03SingleProductAddToCartFunctionality" time="10.361" errors="0" timestamp="2023-12-12T12:15:36 IST" skipped="0">
  <testcase classname="com.SauceDemo.TestClasses.TC03SingleProductAddToCartFunctionality" name="SingleProductAddToCartFunctionality" time="10.361"/>
</testsuite> <!-- com.SauceDemo.TestClasses.TC03SingleProductAddToCartFunctionality -->
